1 http://kab.wikipedia.org/wiki
2 http://kab.wikipedia.org/wiki/Wikipedia
3 http://kab.wikipedia.org/wiki/Taqbaylit
4 http://kab.wikipedia.org/wiki/Yal_yiwen_yezmer_a_tt-ibeddel
5 http://kab.wikipedia.org/wiki/Akud_Amsideg_Ama%C9%A3radi
6 http://kab.wikipedia.org/wiki/Tutlayt
7 http://kab.wikipedia.org/wiki/L%C7%A7em%C9%9Ba
8 http://kab.wikipedia.org/wiki/Lezzayer
9 http://kab.wikipedia.org/wiki/Asebter_amenzawi
10 http://kab.wikipedia.org/wiki/Amik_anaru_amagrad_yelhan_%3F
11 http://kab.wikipedia.org/wiki/Tamurt_n_leqbayel
12 http://kab.wikipedia.org/wiki/Ikurdiyen
13 http://kab.wikipedia.org/wiki/Tutlayin_tifrusyawiyin
14 http://kab.wikipedia.org/wiki/Asya
15 http://kab.wikipedia.org/wiki/Tamazi%C9%A3t
16 http://kab.wikipedia.org/wiki/Turuft
17 http://kab.wikipedia.org/wiki/Kurdistan
18 http://kab.wikipedia.org/wiki/Tutlayt_tun%E1%B9%A3ibt
19 http://kab.wikipedia.org/wiki/Leqbayel
20 http://kab.wikipedia.org/wiki/Asen%C7%A7aq_aqbayli
21 http://kab.wikipedia.org/wiki/Tafriqt
22 http://kab.wikipedia.org/wiki/Takurmanjit
23 http://kab.wikipedia.org/wiki/Ta%C9%9Brabt
24 http://kab.wikipedia.org/wiki/Tifina%C9%A3
25 http://kab.wikipedia.org/wiki/Imse%C9%A3ret_amazi%C9%A3
26 http://kab.wikipedia.org/wiki/Tamrikt
27 http://kab.wikipedia.org/wiki/Tasuranit
28 http://kab.wikipedia.org/wiki/Tafransist
29 http://kab.wikipedia.org/wiki/Si_Muhand_u_Mhand
30 http://kab.wikipedia.org/wiki/Tizi_Wezzu
31 http://kab.wikipedia.org/wiki/Amen%E1%BA%93aw
32 http://kab.wikipedia.org/wiki/Tafriqt_ugafa
33 http://kab.wikipedia.org/wiki/Agmu%E1%B8%8D_alemmas
34 http://kab.wikipedia.org/wiki/Dzayer_(tamana%C9%A3t)
35 http://kab.wikipedia.org/wiki/%C6%90iraq
36 http://kab.wikipedia.org/wiki/Tturk
37 http://kab.wikipedia.org/wiki/Mouloud_Mammeri
38 http://kab.wikipedia.org/wiki/Bgayet
39 http://kab.wikipedia.org/wiki/Taglizit
40 http://kab.wikipedia.org/wiki/Tutlayin_tisamiyin
41 http://kab.wikipedia.org/wiki/Iran
42 http://kab.wikipedia.org/wiki/Qsen%E1%B9%ADina
43 http://kab.wikipedia.org/wiki/Tacel%E1%B8%A5it
44 http://kab.wikipedia.org/wiki/%E1%B9%A2%E1%B9%ADif
45 http://kab.wikipedia.org/wiki/Muritanya
46 http://kab.wikipedia.org/wiki/Imazi%C9%A3en
47 http://kab.wikipedia.org/wiki/Dzayer
48 http://kab.wikipedia.org/wiki/Tamurt_n_Leqbayel
49 http://kab.wikipedia.org/wiki/Tamurt
50 http://kab.wikipedia.org/wiki/Agemmay
51 http://kab.wikipedia.org/wiki/Tagduda
52 http://kab.wikipedia.org/wiki/Surya
53 http://kab.wikipedia.org/wiki/Kanada
54 http://kab.wikipedia.org/wiki/Tmurt_n_leqbayel
55 http://kab.wikipedia.org/wiki/Tarifit
56 http://kab.wikipedia.org/wiki/Mali
57 http://kab.wikipedia.org/wiki/Aurelius_Victor
58 http://kab.wikipedia.org/wiki/Fransa
59 http://kab.wikipedia.org/wiki/Biljik
60 http://kab.wikipedia.org/wiki/Imuca%C9%A3
61 http://kab.wikipedia.org/wiki/%C6%90abdel%C9%9Baziz_Butefliqa
62 http://kab.wikipedia.org/wiki/Arminya
63 http://kab.wikipedia.org/wiki/A%C9%9Braben
64 http://kab.wikipedia.org/wiki/Kuba
65 http://kab.wikipedia.org/wiki/Tacenwit
66 http://kab.wikipedia.org/wiki/Ta%CE%B5rabt
67 http://kab.wikipedia.org/wiki/Eutropius
68 http://kab.wikipedia.org/wiki/Ta%C9%9Bebrit
69 http://kab.wikipedia.org/wiki/Lispan
70 http://kab.wikipedia.org/wiki/Bruxelles
71 http://kab.wikipedia.org/wiki/Tcel%E1%B8%A5it
72 http://kab.wikipedia.org/wiki/Lubnan
73 http://kab.wikipedia.org/wiki/%E1%B8%A4med_Uya%E1%B8%A5ya
74 http://kab.wikipedia.org/wiki/Tacawit
75 http://kab.wikipedia.org/wiki/Lingliz
76 http://kab.wikipedia.org/wiki/Agemmay_alatini_n_teqbaylit
77 http://kab.wikipedia.org/wiki/Tirni_I%C9%A3allen_Inemlayen
78 http://kab.wikipedia.org/wiki/2007
79 http://kab.wikipedia.org/wiki/Tafriqt_Tasebgast
80 http://kab.wikipedia.org/wiki/Paris
81 http://kab.wikipedia.org/wiki/Iwunak_idduklen_n_Marikan
82 http://kab.wikipedia.org/wiki/Agemmay_afiniqi
83 http://kab.wikipedia.org/wiki/2008
84 http://kab.wikipedia.org/wiki/%C6%90
85 http://kab.wikipedia.org/wiki/%CE%A3iraq
86 http://kab.wikipedia.org/wiki/Tamazi%C9%A3t_(Merruk)
87 http://kab.wikipedia.org/wiki/Brazil
88 http://kab.wikipedia.org/wiki/Ma%E1%B9%A3er
89 http://kab.wikipedia.org/wiki/%E1%B8%A4usin_At_%E1%B8%A4med
90 http://kab.wikipedia.org/wiki/Micli
91 http://kab.wikipedia.org/wiki/Tagnizit
92 http://kab.wikipedia.org/wiki/Yef%C9%A3ulen
93 http://kab.wikipedia.org/wiki/Ilel_agrakal
94 http://kab.wikipedia.org/wiki/Israel
95 http://kab.wikipedia.org/wiki/Irland
96 http://kab.wikipedia.org/wiki/Takurdit
97 http://kab.wikipedia.org/wiki/Tamrik
98 http://kab.wikipedia.org/wiki/5_yulyu
99 http://kab.wikipedia.org/wiki/%C6%94
100 http://kab.wikipedia.org/wiki/Tum%E1%BA%93abt
101 http://kab.wikipedia.org/wiki/Libya
102 http://kab.wikipedia.org/wiki/Agraw_i_Yedles_d_Tugdut
103 http://kab.wikipedia.org/wiki/Israyil
104 http://kab.wikipedia.org/wiki/I%C9%9Bezzugen
105 http://kab.wikipedia.org/wiki/2002
106 http://kab.wikipedia.org/wiki/Kamirun
107 http://kab.wikipedia.org/wiki/Agemmay_a%C9%9Brab
108 http://kab.wikipedia.org/wiki/Dublin
109 http://kab.wikipedia.org/wiki/Merruk
110 http://kab.wikipedia.org/wiki/Itran_n_Imuca%C9%A3
111 http://kab.wikipedia.org/wiki/Lislam
112 http://kab.wikipedia.org/wiki/Tanfusit
113 http://kab.wikipedia.org/wiki/Sa%C9%9Bid_Sa%C9%9Bdi
114 http://kab.wikipedia.org/wiki/Ti_%C9%A3iwanin_n_Tizi_Wezzu
115 http://kab.wikipedia.org/wiki/Bumerdas
116 http://kab.wikipedia.org/wiki/Tunes
117 http://kab.wikipedia.org/wiki/Ta%C7%A7ahilit
118 http://kab.wikipedia.org/wiki/Urdun
119 http://kab.wikipedia.org/wiki/Island
120 http://kab.wikipedia.org/wiki/Tafsut_Taberkant
121 http://kab.wikipedia.org/wiki/Takatalant
122 http://kab.wikipedia.org/wiki/At-Ye%E1%B8%A5ya
123 http://kab.wikipedia.org/wiki/Tamusni
124 http://kab.wikipedia.org/wiki/Tasiwit
125 http://kab.wikipedia.org/wiki/T%C9%9Bebrit
126 http://kab.wikipedia.org/wiki/Tamaz%C9%A3a
127 http://kab.wikipedia.org/wiki/Reykyabik
128 http://kab.wikipedia.org/wiki/Ayt_Yanni
129 http://kab.wikipedia.org/wiki/Ledzayer
130 http://kab.wikipedia.org/wiki/Yugurten
131 http://kab.wikipedia.org/wiki/Timanit_i_Tmurt_n_Iqbayliyen
132 http://kab.wikipedia.org/wiki/Sudan
133 http://kab.wikipedia.org/wiki/I%C9%9Bekkuren
134 http://kab.wikipedia.org/wiki/Itri
135 http://kab.wikipedia.org/wiki/Te%C9%9Brabt
136 http://kab.wikipedia.org/wiki/Imuha%C9%A3
137 http://kab.wikipedia.org/wiki/Is%E1%B9%ADuni
138 http://kab.wikipedia.org/wiki/%C6%90in_n_Defla
139 http://kab.wikipedia.org/wiki/Dzzayer
140 http://kab.wikipedia.org/wiki/Fer%E1%B8%A5at_Mhenni
141 http://kab.wikipedia.org/wiki/Teqbaylit
142 http://kab.wikipedia.org/wiki/A%E1%BA%93effun
143 http://kab.wikipedia.org/wiki/Igenni
144 http://kab.wikipedia.org/wiki/Lalman
145 http://kab.wikipedia.org/wiki/Tawrirt_yettwattun
146 http://kab.wikipedia.org/wiki/Izwawen
147 http://kab.wikipedia.org/wiki/Tubiret
148 http://kab.wikipedia.org/wiki/Dihya
149 http://kab.wikipedia.org/wiki/Iwa%E1%B8%8Diyen
150 http://kab.wikipedia.org/wiki/Agdud
151 http://kab.wikipedia.org/wiki/Berlin
152 http://kab.wikipedia.org/wiki/Tafsut_n_imazi%C9%A3en
153 http://kab.wikipedia.org/wiki/Qsem%E1%B9%ADina
154 http://kab.wikipedia.org/wiki/Amafag_n_Dzayer
155 http://kab.wikipedia.org/wiki/Ti_%C9%A3iwanin_n_Bgayet
156 http://kab.wikipedia.org/wiki/Bur%C7%A7_Bu_A%C9%9Briri%C7%A7
157 http://kab.wikipedia.org/wiki/Amezruy
158 http://kab.wikipedia.org/wiki/JSK
159 http://kab.wikipedia.org/wiki/Tadyant
160 http://kab.wikipedia.org/wiki/Asget
161 http://kab.wikipedia.org/wiki/London
162 http://kab.wikipedia.org/wiki/Mulud_M%C9%9Bemmri
163 http://kab.wikipedia.org/wiki/Tageldiwt
164 http://kab.wikipedia.org/wiki/Zinedine_Zidane
165 http://kab.wikipedia.org/wiki/Asensu_Hilton_Alger
166 http://kab.wikipedia.org/wiki/Tamsilt
167 http://kab.wikipedia.org/wiki/Mu%E1%B8%A5amed_Bu%E1%B8%8Diaf
168 http://kab.wikipedia.org/wiki/Asekkil
169 http://kab.wikipedia.org/wiki/Bujember
170 http://kab.wikipedia.org/wiki/Litwanya
171 http://kab.wikipedia.org/wiki/Muri%E1%B9%ADanya
172 http://kab.wikipedia.org/wiki/Asensu_Mercure
173 http://kab.wikipedia.org/wiki/Adrar
174 http://kab.wikipedia.org/wiki/%C7%A6i%C7%A7el
175 http://kab.wikipedia.org/wiki/Agemmay_alatini
176 http://kab.wikipedia.org/wiki/Furar
177 http://kab.wikipedia.org/wiki/Dimacq
178 http://kab.wikipedia.org/wiki/Imazi%C9%A3en_ittwasnen
179 http://kab.wikipedia.org/wiki/Tutrict
180 http://kab.wikipedia.org/wiki/Asalay_A%C9%A3elnaw_n_Ta%E1%BA%93uri_Tatrart_d_Tazit
181 http://kab.wikipedia.org/wiki/S%E1%B9%ADif
182 http://kab.wikipedia.org/wiki/Batna
183 http://kab.wikipedia.org/wiki/Ssirilik
184 http://kab.wikipedia.org/wiki/1_yennayer
185 http://kab.wikipedia.org/wiki/Arif
186 http://kab.wikipedia.org/wiki/Izwawen_ittwasnen
187 http://kab.wikipedia.org/wiki/Luxembourg
188 http://kab.wikipedia.org/wiki/Skikda
189 http://kab.wikipedia.org/wiki/Tuksitant
190 http://kab.wikipedia.org/wiki/Agemmay_a%C9%9Bebri
191 http://kab.wikipedia.org/wiki/Drapeau_de_la_Belgique
192 http://kab.wikipedia.org/wiki/Bamaku
193 http://kab.wikipedia.org/wiki/2_yennayer
194 http://kab.wikipedia.org/wiki/Tasdawit_n_Bab_Ezzewar
195 http://kab.wikipedia.org/wiki/Lisbun
196 http://kab.wikipedia.org/wiki/Galma
197 http://kab.wikipedia.org/wiki/Nicolas_Sarkozy
198 http://kab.wikipedia.org/wiki/3_yennayer
199 http://kab.wikipedia.org/wiki/Agemmay_arami
200 http://kab.wikipedia.org/wiki/Idmawen_Izwawen
201 http://kab.wikipedia.org/wiki/%E1%B8%A4usin_At_A%E1%B8%A5med
202 http://kab.wikipedia.org/wiki/Tasudut_Serbantes
203 http://kab.wikipedia.org/wiki/Rrus
204 http://kab.wikipedia.org/wiki/Wehran
205 http://kab.wikipedia.org/wiki/2006
206 http://kab.wikipedia.org/wiki/4_yennayer
207 http://kab.wikipedia.org/wiki/8_yebrir
208 http://kab.wikipedia.org/wiki/Agemmay_anba%E1%B9%ADi
209 http://kab.wikipedia.org/wiki/Tasudut_Goethe
210 http://kab.wikipedia.org/wiki/Mosku
211 http://kab.wikipedia.org/wiki/Tidukkla_Tadelsant_Tamazi%C9%A3t_di_U%E1%B9%AD%E1%B9%ADawa-%E1%B8%A4ull
212 http://kab.wikipedia.org/wiki/Tisemsilt
213 http://kab.wikipedia.org/wiki/5_yennayer
214 http://kab.wikipedia.org/wiki/2004
215 http://kab.wikipedia.org/wiki/Agemmay_agrigi
216 http://kab.wikipedia.org/wiki/Madrid
217 http://kab.wikipedia.org/wiki/Tamurt_n_Iqbayliyen
218 http://kab.wikipedia.org/wiki/6_yennayer
219 http://kab.wikipedia.org/wiki/Sa%C9%9Bid_Se%C9%9Bdi
220 http://kab.wikipedia.org/wiki/Adlis
221 http://kab.wikipedia.org/wiki/S%E1%B9%ADambul
222 http://kab.wikipedia.org/wiki/Agemmay_itruski
223 http://kab.wikipedia.org/wiki/7_yennayer
224 http://kab.wikipedia.org/wiki/Wejda
225 http://kab.wikipedia.org/wiki/Udayen
226 http://kab.wikipedia.org/wiki/%E1%B9%ACelyan
227 http://kab.wikipedia.org/wiki/Agemmay_alatini_n_tmazi%C9%A3t
228 http://kab.wikipedia.org/wiki/Spanya
229 http://kab.wikipedia.org/wiki/8_yennayer
230 http://kab.wikipedia.org/wiki/Sa%C9%9Bid_Butefliqa
231 http://kab.wikipedia.org/wiki/Agellid
232 http://kab.wikipedia.org/wiki/Tawrat
233 http://kab.wikipedia.org/wiki/9_yennayer
234 http://kab.wikipedia.org/wiki/Tefriqt
235 http://kab.wikipedia.org/wiki/Addal
236 http://kab.wikipedia.org/wiki/Elizabeth_II
237 http://kab.wikipedia.org/wiki/Iwunak_Yedduklen
238 http://kab.wikipedia.org/wiki/10_yennayer
239 http://kab.wikipedia.org/wiki/Tafriqt_tasebgast
240 http://kab.wikipedia.org/wiki/19_Yunyu
241 http://kab.wikipedia.org/wiki/Legliz
242 http://kab.wikipedia.org/wiki/Ait_Atta
243 http://kab.wikipedia.org/wiki/11_yennayer
244 http://kab.wikipedia.org/wiki/Fran%E1%B9%A3a
245 http://kab.wikipedia.org/wiki/12_yennayer
246 http://kab.wikipedia.org/wiki/Tirlandit
247 http://kab.wikipedia.org/wiki/Tefriqt_Tasebgast
248 http://kab.wikipedia.org/wiki/%C6%90ebdel%C9%9Baziz_Butefliqa
249 http://kab.wikipedia.org/wiki/22_dujenbir
250 http://kab.wikipedia.org/wiki/Yidic
251 http://kab.wikipedia.org/wiki/13_yennayer
252 http://kab.wikipedia.org/wiki/Cameroun
253 http://kab.wikipedia.org/wiki/Cadli_Benjdid
254 http://kab.wikipedia.org/wiki/Yulyu
255 http://kab.wikipedia.org/wiki/Orcalim
256 http://kab.wikipedia.org/wiki/14_yennayer
257 http://kab.wikipedia.org/wiki/Agemmay_asirili
258 http://kab.wikipedia.org/wiki/M%C9%9Bemmer_Lqeddafi
259 http://kab.wikipedia.org/wiki/If%C9%A3ulen
260 http://kab.wikipedia.org/wiki/Georges_Pompidou
261 http://kab.wikipedia.org/wiki/15_yennayer
262 http://kab.wikipedia.org/wiki/Sala%E1%B8%A5_Ddin
263 http://kab.wikipedia.org/wiki/Tel-Aviv
264 http://kab.wikipedia.org/wiki/Agemmay_a%C9%9Brab_n_tfursit
265 http://kab.wikipedia.org/wiki/Yaound%C3%A9
266 http://kab.wikipedia.org/wiki/16_yennayer
267 http://kab.wikipedia.org/wiki/Maser
268 http://kab.wikipedia.org/wiki/Fer%E1%B8%A5at_Mehenni
269 http://kab.wikipedia.org/wiki/Ta_%C9%A3iwant_n_Agni_Gge%C9%A3ran
270 http://kab.wikipedia.org/wiki/%C4%8C%C4%8Dad
271 http://kab.wikipedia.org/wiki/Taza-L%E1%B8%A5usima-Tawnat
272 http://kab.wikipedia.org/wiki/Mu%E1%B8%A5emmed
273 http://kab.wikipedia.org/wiki/17_yennayer
274 http://kab.wikipedia.org/wiki/Al%C9%A3em
275 http://kab.wikipedia.org/wiki/Cekel_amaynut
276 http://kab.wikipedia.org/wiki/Ta_%C9%A3iwant_n_A%C9%A3rib
277 http://kab.wikipedia.org/wiki/Tifeffe%C9%A3t_tamerrukit
278 http://kab.wikipedia.org/wiki/Massinissa_Guermah
279 http://kab.wikipedia.org/wiki/Leqran
280 http://kab.wikipedia.org/wiki/18_yennayer
281 http://kab.wikipedia.org/wiki/Hatikva
282 http://kab.wikipedia.org/wiki/Tunes_tamane%C9%A3t
283 http://kab.wikipedia.org/wiki/Ta_%C9%A3iwant_n_Amecras
284 http://kab.wikipedia.org/wiki/Lwennas_Me%C9%9B%E1%B9%ADub
285 http://kab.wikipedia.org/wiki/Ajjed
286 http://kab.wikipedia.org/wiki/19_yennayer
287 http://kab.wikipedia.org/wiki/Tudayt
288 http://kab.wikipedia.org/wiki/Tagnitt
289 http://kab.wikipedia.org/wiki/%C6%90isa
290 http://kab.wikipedia.org/wiki/Ta_%C9%A3iwant_n_Aqbil
291 http://kab.wikipedia.org/wiki/20_yennayer
292 http://kab.wikipedia.org/wiki/Turat
293 http://kab.wikipedia.org/wiki/Tamasi%E1%B8%A5it
294 http://kab.wikipedia.org/wiki/Ta_%C9%A3iwant_n_Aqerru
295 http://kab.wikipedia.org/wiki/At_We%C9%A3lis
296 http://kab.wikipedia.org/wiki/21_yennayer
297 http://kab.wikipedia.org/wiki/Averro%C3%A8s
298 http://kab.wikipedia.org/wiki/Islam
299 http://kab.wikipedia.org/wiki/Ta_%C9%A3iwant_n_At_Bu_C%C9%9Bayeb
300 http://kab.wikipedia.org/wiki/Massinissa
301 http://kab.wikipedia.org/wiki/22_yennayer
302 http://kab.wikipedia.org/wiki/At_Yanni
303 http://kab.wikipedia.org/wiki/Ibn_Xaldun
304 http://kab.wikipedia.org/wiki/Urcalim
305 http://kab.wikipedia.org/wiki/Ta_%C9%A3iwant_n_At_Bu_Yusef
306 http://kab.wikipedia.org/wiki/Yuba_I
307 http://kab.wikipedia.org/wiki/Tef%E1%B9%9Bensist
308 http://kab.wikipedia.org/wiki/23_yennayer
309 http://kab.wikipedia.org/wiki/Adam
310 http://kab.wikipedia.org/wiki/Tel_Aviv
311 http://kab.wikipedia.org/wiki/Ta_%C9%A3iwant_n_At_Bumehdi
312 http://kab.wikipedia.org/wiki/Tis%E1%B9%ADunit
313 http://kab.wikipedia.org/wiki/40
314 http://kab.wikipedia.org/wiki/I%C9%9Be%E1%BA%93%E1%BA%93ugen
315 http://kab.wikipedia.org/wiki/Idris
316 http://kab.wikipedia.org/wiki/24_yennayer
317 http://kab.wikipedia.org/wiki/Ye%C9%9Bqub
318 http://kab.wikipedia.org/wiki/Ta_%C9%A3iwant_n_At_Bwadu
319 http://kab.wikipedia.org/wiki/Yuba_II
320 http://kab.wikipedia.org/wiki/%E1%B9%A2ale%E1%B8%A5
321 http://kab.wikipedia.org/wiki/Theodor_Herzl
322 http://kab.wikipedia.org/wiki/25_yennayer
323 http://kab.wikipedia.org/wiki/Ta_%C9%A3iwant_n_At_Cafa%C9%9B
324 http://kab.wikipedia.org/wiki/Tazwawt
325 http://kab.wikipedia.org/wiki/Hud
326 http://kab.wikipedia.org/wiki/26_yennayer
327 http://kab.wikipedia.org/wiki/Langliz
328 http://kab.wikipedia.org/wiki/Ta_%C9%A3iwant_n_At_Dwala
329 http://kab.wikipedia.org/wiki/Ti_%C9%A3iwanin_n_Tubiret
330 http://kab.wikipedia.org/wiki/Abdera%E1%B8%A5man_Bugarmu%E1%B8%A5
331 http://kab.wikipedia.org/wiki/Brahim
332 http://kab.wikipedia.org/wiki/27_yennayer
333 http://kab.wikipedia.org/wiki/Ta_%C9%A3iwant_n_At_Ggwaca
334 http://kab.wikipedia.org/wiki/Ddin
335 http://kab.wikipedia.org/wiki/Ta_%C9%A3iwant_n_Adekkar
336 http://kab.wikipedia.org/wiki/Azwu_n_Dzayer
337 http://kab.wikipedia.org/wiki/Is%E1%B8%A5aq
338 http://kab.wikipedia.org/wiki/28_yennayer
339 http://kab.wikipedia.org/wiki/Ta_%C9%A3iwant_n_At_%C6%90isa_Mimun
340 http://kab.wikipedia.org/wiki/Abranis
341 http://kab.wikipedia.org/wiki/Tasertit
342 http://kab.wikipedia.org/wiki/Ta_%C9%A3iwant_n_Akfadu
343 http://kab.wikipedia.org/wiki/Musa
344 http://kab.wikipedia.org/wiki/Stambul
345 http://kab.wikipedia.org/wiki/29_yennayer
346 http://kab.wikipedia.org/wiki/Ta_%C9%A3iwant_n_At_%C6%90isi
347 http://kab.wikipedia.org/wiki/Tafsut_n_Imazi%C9%A3en
348 http://kab.wikipedia.org/wiki/Ta_%C9%A3iwant_n_Amalu
349 http://kab.wikipedia.org/wiki/30_yennayer
350 http://kab.wikipedia.org/wiki/Ta_%C9%A3iwant_n_At_Ma%E1%B8%A5mud
351 http://kab.wikipedia.org/wiki/Lyon
352 http://kab.wikipedia.org/wiki/Harun
353 http://kab.wikipedia.org/wiki/Tagelda
354 http://kab.wikipedia.org/wiki/23_yunyu
355 http://kab.wikipedia.org/wiki/Ta_%C9%A3iwant_n_Amizur
356 http://kab.wikipedia.org/wiki/Pari
357 http://kab.wikipedia.org/wiki/31_yennayer
358 http://kab.wikipedia.org/wiki/Dulkifl
359 http://kab.wikipedia.org/wiki/Ta_%C9%A3iwant_n_At_Tudert
360 http://kab.wikipedia.org/wiki/Mu%E1%B8%A5emmed_Bu%E1%B8%8Dyaf
361 http://kab.wikipedia.org/wiki/Ta_%C9%A3iwant_n_Aqbu
362 http://kab.wikipedia.org/wiki/Talitwanit
363 http://kab.wikipedia.org/wiki/Tira_n_Bray
364 http://kab.wikipedia.org/wiki/Pekin
365 http://kab.wikipedia.org/wiki/Yennayer
366 http://kab.wikipedia.org/wiki/Yidir
367 http://kab.wikipedia.org/wiki/Ta_%C9%A3iwant_n_At_Sma%C9%9Bil
368 http://kab.wikipedia.org/wiki/Ta_%C9%A3iwant_n_At_Bu_Jellil
369 http://kab.wikipedia.org/wiki/Louis_Braille
370 http://kab.wikipedia.org/wiki/Takfarinas_agellid
371 http://kab.wikipedia.org/wiki/Me%C9%A3res
372 http://kab.wikipedia.org/wiki/Zineddin_Lyazid_Zidan
373 http://kab.wikipedia.org/wiki/Ta_%C9%A3iwant_n_At_Jellil
374 http://kab.wikipedia.org/wiki/Ta_%C9%A3iwant_n_At_Umalu
375 http://kab.wikipedia.org/wiki/21_furar
376 http://kab.wikipedia.org/wiki/Tajaponit
377 http://kab.wikipedia.org/wiki/Kateb_Yasin
378 http://kab.wikipedia.org/wiki/Yebrir
379 http://kab.wikipedia.org/wiki/Ta_%C9%A3iwant_n_At_Xellili
380 http://kab.wikipedia.org/wiki/Ta_%C9%A3iwant_n_At_Ma%C9%9Buc
381 http://kab.wikipedia.org/wiki/1912
382 http://kab.wikipedia.org/wiki/Mu%E1%B8%A5amed_Cafiq
383 http://kab.wikipedia.org/wiki/Magu
384 http://kab.wikipedia.org/wiki/Ta_%C9%A3iwant_n_At_Mlikec
385 http://kab.wikipedia.org/wiki/Ta_%C9%A3iwant_n_At_Ye%E1%B8%A5ya
386 http://kab.wikipedia.org/wiki/L%C9%9Barbi_Benmhidi
387 http://kab.wikipedia.org/wiki/%E1%B9%ACawes_%C6%90emruc
388 http://kab.wikipedia.org/wiki/A%C9%A3ilas
389 http://kab.wikipedia.org/wiki/Mayyu
390 http://kab.wikipedia.org/wiki/Taluksemburgit
391 http://kab.wikipedia.org/wiki/Lhewari_%C6%90edi
392 http://kab.wikipedia.org/wiki/Yunyu
393 http://kab.wikipedia.org/wiki/Ta_%C9%A3iwant_n_At_Rzin
394 http://kab.wikipedia.org/wiki/Mulud_Fer%C9%9Bun
395 http://kab.wikipedia.org/wiki/Asefru_n_Fer%E1%B8%A5at_Mhenni_(Tudert)
396 http://kab.wikipedia.org/wiki/%C6%94uct
397 http://kab.wikipedia.org/wiki/Idir
398 http://kab.wikipedia.org/wiki/Ta_%C9%A3iwant_n_At_Sma%C3%AEl
399 http://kab.wikipedia.org/wiki/Ben_Muhemmed
400 http://kab.wikipedia.org/wiki/Takrura
401 http://kab.wikipedia.org/wiki/Shtember
402 http://kab.wikipedia.org/wiki/Dzayer_Tamana%C9%A3t
403 http://kab.wikipedia.org/wiki/Isabelle_Adjani
404 http://kab.wikipedia.org/wiki/Axxam
405 http://kab.wikipedia.org/wiki/Ta_%C9%A3iwant_n_Aweqqas
406 http://kab.wikipedia.org/wiki/Tamasi%E1%B8%A5t
407 http://kab.wikipedia.org/wiki/Tase%C9%9Bdit_Yasin
408 http://kab.wikipedia.org/wiki/Tame%E1%BA%93la
409 http://kab.wikipedia.org/wiki/Ta_%C9%A3iwant_n_At_Ye%E1%B8%A5ya_Musa
410 http://kab.wikipedia.org/wiki/Tuber
411 http://kab.wikipedia.org/wiki/Al%C9%A3%C2%B0em
412 http://kab.wikipedia.org/wiki/Ta_%C9%A3iwant_n_Bgayet
413 http://kab.wikipedia.org/wiki/Salem_Zinya
414 http://kab.wikipedia.org/wiki/Tanzeggit
415 http://kab.wikipedia.org/wiki/Ta_%C9%A3iwant_n_At_Ye%C7%A7%C7%A7er
416 http://kab.wikipedia.org/wiki/Migel_de_Serbantes
417 http://kab.wikipedia.org/wiki/%C6%90mer_Mezdad
418 http://kab.wikipedia.org/wiki/Tarakalt
419 http://kab.wikipedia.org/wiki/Ta_%C9%A3iwant_n_At_Yellilten
420 http://kab.wikipedia.org/wiki/Ccix_Nuredin
421 http://kab.wikipedia.org/wiki/Belqasem_Ihi%C7%A7aten
422 http://kab.wikipedia.org/wiki/Ta_%C9%A3iwant_n_At_Yenni
423 http://kab.wikipedia.org/wiki/Tasengama
424 http://kab.wikipedia.org/wiki/Mu%E1%B8%A5_Crif
425 http://kab.wikipedia.org/wiki/%C7%A6amal_Ben%C9%9Buf
426 http://kab.wikipedia.org/wiki/Farida_At_Harun
427 http://kab.wikipedia.org/wiki/Ta_%C9%A3iwant_n_At_Ziki
428 http://kab.wikipedia.org/wiki/Tasnaggurt
429 http://kab.wikipedia.org/wiki/M%E1%B8%A5amed_Isiaxem
430 http://kab.wikipedia.org/wiki/Tudersent
431 http://kab.wikipedia.org/wiki/Ta_%C9%A3iwant_n_At_Zmenzer
432 http://kab.wikipedia.org/wiki/Sa%C9%9Bid_Cemax
433 http://kab.wikipedia.org/wiki/A%E1%B8%A5med_%C7%A6ennadi
434 http://kab.wikipedia.org/wiki/Tsunami
435 http://kab.wikipedia.org/wiki/Ta_%C9%A3iwant_n_A%E1%BA%93effun
436 http://kab.wikipedia.org/wiki/Tusnakt
437 http://kab.wikipedia.org/wiki/Lmulud_M%C9%9Bemri
438 http://kab.wikipedia.org/wiki/Busad_Abdic
439 http://kab.wikipedia.org/wiki/Ta_%C9%A3iwant_n_Bu%C9%A3ni
440 http://kab.wikipedia.org/wiki/Ccix_Mu%E1%B8%A5end_Ul%E1%B8%A5usin
441 http://kab.wikipedia.org/wiki/Isekkilen
442 http://kab.wikipedia.org/wiki/Zinddin_Lyazid_Zidan
443 http://kab.wikipedia.org/wiki/Galata
444 http://kab.wikipedia.org/wiki/Tefriqt_ugafa
445 http://kab.wikipedia.org/wiki/Sliman_%C6%90azem
446 http://kab.wikipedia.org/wiki/Ta_%C9%A3iwant_n_Bu%C7%A7ima
447 http://kab.wikipedia.org/wiki/Salim_Iles
448 http://kab.wikipedia.org/wiki/Marmara
449 http://kab.wikipedia.org/wiki/Ta_%C9%A3iwant_n_Buzeggen
450 http://kab.wikipedia.org/wiki/Tanax
451 http://kab.wikipedia.org/wiki/Lunis_At_Mengellat
452 http://kab.wikipedia.org/wiki/Azzedin_Ath_%C7%A7udi
453 http://kab.wikipedia.org/wiki/Istambul
454 http://kab.wikipedia.org/wiki/Ta_%C9%A3iwant_n_Dra%C9%9B_Ben_Xedda
455 http://kab.wikipedia.org/wiki/Crif_Xeddam
456 http://kab.wikipedia.org/wiki/Mulud_At_Mamar
457 http://kab.wikipedia.org/wiki/Brahim_Izri
458 http://kab.wikipedia.org/wiki/Ta_%C9%A3iwant_n_Dra%C9%9B_Lmizan
459 http://kab.wikipedia.org/wiki/Mu%E1%B8%A5end_Arab_Besa%C9%9Bud
460 http://kab.wikipedia.org/wiki/Meksa_Abdelqader
461 http://kab.wikipedia.org/wiki/Ta_%C9%A3iwant_n_%C6%90in_L%E1%B8%A5emmam
462 http://kab.wikipedia.org/wiki/Mu%E1%B8%A5and_At_Yi%C9%A3il
463 http://kab.wikipedia.org/wiki/Ta_%C9%A3iwant_n_%C6%90in_Zawiya
464 http://kab.wikipedia.org/wiki/Mu%E1%B8%A5end_u_Ye%E1%B8%A5ya
465 http://kab.wikipedia.org/wiki/Farida_At_Ferrux
466 http://kab.wikipedia.org/wiki/19_yunyu
467 http://kab.wikipedia.org/wiki/Ta_%C9%A3iwant_n_Fri%E1%B8%A5a
468 http://kab.wikipedia.org/wiki/A%E1%B8%A5med_Ayad
469 http://kab.wikipedia.org/wiki/Nadya_Benmuhub
470 http://kab.wikipedia.org/wiki/Ta_%C9%A3iwant_n_Frikat
471 http://kab.wikipedia.org/wiki/Mu%E1%B8%A5and_Sa%C9%9Bid_Fellag
472 http://kab.wikipedia.org/wiki/Ta_%C9%A3iwant_n_Ibudraren
473 http://kab.wikipedia.org/wiki/Malek_Bugarmu%E1%B8%A5
474 http://kab.wikipedia.org/wiki/Ta_%C9%A3iwant_n_I%C9%9Bekkuren
475 http://kab.wikipedia.org/wiki/%C7%A6e%C9%9Bfer_Cibani
476 http://kab.wikipedia.org/wiki/Ta_%C9%A3iwant_n_Bni_Ksila
477 http://kab.wikipedia.org/wiki/Wamber
478 http://kab.wikipedia.org/wiki/A%E1%BA%93awan
479 http://kab.wikipedia.org/wiki/Sma%C9%9Bil_Me%C7%A7ber
480 http://kab.wikipedia.org/wiki/Ta_%C9%A3iwant_n_I%C9%9Be%E1%B9%AD%E1%B9%ADafen
481 http://kab.wikipedia.org/wiki/Fa%E1%B8%8Dma_n_Sumer
482 http://kab.wikipedia.org/wiki/Tasnawalt
483 http://kab.wikipedia.org/wiki/Ta_%C9%A3iwant_n_Bu%E1%B8%A5emza
484 http://kab.wikipedia.org/wiki/22_bujember
485 http://kab.wikipedia.org/wiki/FFS
486 http://kab.wikipedia.org/wiki/14_yulyu
487 http://kab.wikipedia.org/wiki/Ma%C7%A7id_Allawa
488 http://kab.wikipedia.org/wiki/Cocenq
489 http://kab.wikipedia.org/wiki/Ta_%C9%A3iwant_n_I%C9%9Be%E1%BA%93%E1%BA%93ugen
490 http://kab.wikipedia.org/wiki/Ayyur
491 http://kab.wikipedia.org/wiki/Tasekla
492 http://kab.wikipedia.org/wiki/A%E1%B8%A5med_Umerri
493 http://kab.wikipedia.org/wiki/Ta_%C9%A3iwant_n_Bujellil
494 http://kab.wikipedia.org/wiki/Jama%C9%9B_n_Aq%E1%B9%A3a
495 http://kab.wikipedia.org/wiki/Yalla_Seddiqi
496 http://kab.wikipedia.org/wiki/Ta_%C9%A3iwant_n_Ifer%E1%B8%A5unen
497 http://kab.wikipedia.org/wiki/Ta_%C9%A3iwant_n_Buxlifa
498 http://kab.wikipedia.org/wiki/Ctember
499 http://kab.wikipedia.org/wiki/Ta%E1%BA%93uri
500 http://kab.wikipedia.org/wiki/A%C9%9Brab_Sexxi
501 http://kab.wikipedia.org/wiki/Ta_%C9%A3iwant_n_Ifi%C9%A3a
502 http://kab.wikipedia.org/wiki/Ta_%C9%A3iwant_n_Cemmini
503 http://kab.wikipedia.org/wiki/Asa%E1%B8%8Duf
504 http://kab.wikipedia.org/wiki/Ccix_Mu%E1%B8%A5end_u_L%E1%B8%A5usin
505 http://kab.wikipedia.org/wiki/Ta_%C9%A3iwant_n_Iflisen
506 http://kab.wikipedia.org/wiki/Ta_%C9%A3iwant_n_Cella%E1%B9%ADa
507 http://kab.wikipedia.org/wiki/Tafelsuft
508 http://kab.wikipedia.org/wiki/Ta_%C9%A3iwant_n_Ilula_Umalu
509 http://kab.wikipedia.org/wiki/Yusef_Uqasi
510 http://kab.wikipedia.org/wiki/Ta_%C9%A3iwant_n_Dergina
511 http://kab.wikipedia.org/wiki/Talsasnet
512 http://kab.wikipedia.org/wiki/Ta_%C9%A3iwant_n_Imsu%E1%B8%A5al
513 http://kab.wikipedia.org/wiki/Ben_Mu%E1%B8%A5emed
514 http://kab.wikipedia.org/wiki/Ta_%C9%A3iwant_n_Dra%C9%9B_Lqayed
515 http://kab.wikipedia.org/wiki/Tameddurt
516 http://kab.wikipedia.org/wiki/A%E1%B8%A5sen_Maric
517 http://kab.wikipedia.org/wiki/Ta_%C9%A3iwant_n_Ir%C7%A7en
518 http://kab.wikipedia.org/wiki/Ta_%C9%A3iwant_n_Fer%C9%9Bun
519 http://kab.wikipedia.org/wiki/Tiklisent
520 http://kab.wikipedia.org/wiki/Internet
521 http://kab.wikipedia.org/wiki/L%E1%B8%A5usin_Ukerdis
522 http://kab.wikipedia.org/wiki/Ta_%C9%A3iwant_n_Iwa%E1%B8%8Diyen
523 http://kab.wikipedia.org/wiki/Ta_%C9%A3iwant_n_Ilmaten
524 http://kab.wikipedia.org/wiki/Asegmi
525 http://kab.wikipedia.org/wiki/%C7%A6amila_n_Tferka
526 http://kab.wikipedia.org/wiki/Ta_%C9%A3iwant_n_Larb%C9%9Ba_n_At_Yiraten
527 http://kab.wikipedia.org/wiki/Ta_%C9%A3iwant_n_Imsisen
528 http://kab.wikipedia.org/wiki/Grenoble
529 http://kab.wikipedia.org/wiki/Tili%E1%BA%93ri
530 http://kab.wikipedia.org/wiki/Tagemmunt_n_At_Meqbel
531 http://kab.wikipedia.org/wiki/Ferru%C7%A7a_Sudad
532 http://kab.wikipedia.org/wiki/Ta_%C9%A3iwant_n_M%C9%9Betqa
533 http://kab.wikipedia.org/wiki/Ta_%C9%A3iwant_n_I%C9%A3il_Ali
534 http://kab.wikipedia.org/wiki/Urar
535 http://kab.wikipedia.org/wiki/Tayunanit
536 http://kab.wikipedia.org/wiki/Akfadu
537 http://kab.wikipedia.org/wiki/Essaid_At_Maamar
538 http://kab.wikipedia.org/wiki/Aben%C7%A7il
539 http://kab.wikipedia.org/wiki/Ta_%C9%A3iwant_n_Makuda
540 http://kab.wikipedia.org/wiki/Ta_%C9%A3iwant_n_I%C9%A3rem
541 http://kab.wikipedia.org/wiki/Amesni
542 http://kab.wikipedia.org/wiki/Ta_%C9%A3iwant_n_Leflay
543 http://kab.wikipedia.org/wiki/Mu%E1%B8%A5and_Tafarka
544 http://kab.wikipedia.org/wiki/Ta_%C9%A3iwant_n_Meqla%C9%9B
545 http://kab.wikipedia.org/wiki/Ta_%C9%A3iwant_n_Iwzellagen
546 http://kab.wikipedia.org/wiki/Tasegda
547 http://kab.wikipedia.org/wiki/Ta_%C9%A3iwant_n_Tiban
548 http://kab.wikipedia.org/wiki/Aban_Ram%E1%B8%8Dan
549 http://kab.wikipedia.org/wiki/Ta_%C9%A3iwant_n_Mizrana
550 http://kab.wikipedia.org/wiki/Ta_%C9%A3iwant_n_Iberbacen
551 http://kab.wikipedia.org/wiki/Ta%E1%BA%93arurt
552 http://kab.wikipedia.org/wiki/Ccix_L%E1%B8%A5asnawi
553 http://kab.wikipedia.org/wiki/Ta_%C9%A3iwant_n_Suq_Ufella
554 http://kab.wikipedia.org/wiki/Ta_%C9%A3iwant_n_Mkira
555 http://kab.wikipedia.org/wiki/Ta_%C9%A3iwant_n_Kendira
556 http://kab.wikipedia.org/wiki/U%C4%8D%C4%8Di
557 http://kab.wikipedia.org/wiki/A%CE%B5li_%CE%A3em%E1%B9%9Ban
558 http://kab.wikipedia.org/wiki/Ta_%C9%A3iwant_n_Tinebdar
559 http://kab.wikipedia.org/wiki/Ta_%C9%A3iwant_n_Si_Yusef
560 http://kab.wikipedia.org/wiki/Ta_%C9%A3iwant_n_Leqser
561 http://kab.wikipedia.org/wiki/Lwennas_%E1%B9%A2ABI
562 http://kab.wikipedia.org/wiki/Ta_%C9%A3iwant_n_Sidi_Aic
563 http://kab.wikipedia.org/wiki/Ta_%C9%A3iwant_n_Sidi_Ne%C9%9Bman
564 http://kab.wikipedia.org/wiki/Ta_%C9%A3ixant_n_leflay
565 http://kab.wikipedia.org/wiki/%E1%B8%A4akim_Tidaf
566 http://kab.wikipedia.org/wiki/Ta_%C9%A3iwant_n_Suq_Letnin_(Tizi)
567 http://kab.wikipedia.org/wiki/Ta_%C9%A3iwant_n_Melbu
568 http://kab.wikipedia.org/wiki/%E1%B8%A4sen_Zermani_Takfarinas
569 http://kab.wikipedia.org/wiki/Ta_%C9%A3iwant_n_Tadmayt
570 http://kab.wikipedia.org/wiki/Ta_%C9%A3iwant_n_Sedduq
571 http://kab.wikipedia.org/wiki/Ta%C9%A3iwant_n_A%E1%B8%A5nif
572 http://kab.wikipedia.org/wiki/Abderre%E1%B8%A5man_Bugarmu%E1%B8%A5
573 http://kab.wikipedia.org/wiki/Ta_%C9%A3iwant_n_Tigzirt
574 http://kab.wikipedia.org/wiki/Dalil_Umar
575 http://kab.wikipedia.org/wiki/Ta_%C9%A3iwant_n_Sem%C9%9Bunl
576 http://kab.wikipedia.org/wiki/Ta%C9%A3iwant_n_A%C9%A3balu
577 http://kab.wikipedia.org/wiki/Camy_Lbaz
578 http://kab.wikipedia.org/wiki/Ta_%C9%A3iwant_n_Timizar
579 http://kab.wikipedia.org/wiki/Mu%E1%B8%A5amed_Igerbucen
580 http://kab.wikipedia.org/wiki/Ta_%C9%A3iwant_n_sidi_ayad
581 http://kab.wikipedia.org/wiki/Ta%C9%A3iwant_n_Beclul
582 http://kab.wikipedia.org/wiki/Slimani
583 http://kab.wikipedia.org/wiki/Ta_%C9%A3iwant_n_Tirmitin
584 http://kab.wikipedia.org/wiki/Ta_%C9%A3iwant_n_Suq_Letnin
585 http://kab.wikipedia.org/wiki/Ta%C9%A3iwant_n_Imceddalen
586 http://kab.wikipedia.org/wiki/Azwaw
587 http://kab.wikipedia.org/wiki/Ta_%C9%A3iwant_n_Tizi_%C6%94ennif
588 http://kab.wikipedia.org/wiki/Michelangelo
589 http://kab.wikipedia.org/wiki/Ta_%C9%A3iwant_n_Tala_%E1%B8%A4emza
590 http://kab.wikipedia.org/wiki/Ta_%C9%A3iwant_n_Tizi_n_Tlata
591 http://kab.wikipedia.org/wiki/Ta_%C9%A3iwant_n_Tamuqra
592 http://kab.wikipedia.org/wiki/Tira_n_Braille
593 http://kab.wikipedia.org/wiki/Ta_%C9%A3iwant_n_Tizi_Raced
594 http://kab.wikipedia.org/wiki/Ta_%C9%A3iwant_n_Tamrijt
595 http://kab.wikipedia.org/wiki/Ta_%C9%A3iwant_n_Tizi_Wezzu
596 http://kab.wikipedia.org/wiki/Takfarinas_%E1%B8%A4sen_Zermani
597 http://kab.wikipedia.org/wiki/Ta_%C9%A3iwant_n_Taskeryut
598 http://kab.wikipedia.org/wiki/Yennayer_agellid_n_wayyuren
599 http://kab.wikipedia.org/wiki/At_Yenni
600 http://kab.wikipedia.org/wiki/Ta_%C9%A3iwant_n_Wagnun
601 http://kab.wikipedia.org/wiki/Ta_%C9%A3iwant_n_Tawrirt_I%C9%A3il
602 http://kab.wikipedia.org/wiki/Japun
603 http://kab.wikipedia.org/wiki/Ssendu
604 http://kab.wikipedia.org/wiki/Ta_%C9%A3iwant_n_Wasif
605 http://kab.wikipedia.org/wiki/Tajapunit
606 http://kab.wikipedia.org/wiki/6_me%C9%A3res
607 http://kab.wikipedia.org/wiki/Ta_%C9%A3iwant_n_Tazmalt
608 http://kab.wikipedia.org/wiki/Ta_%C9%A3iwant_n_Zekri
609 http://kab.wikipedia.org/wiki/Cfi%C9%A3
610 http://kab.wikipedia.org/wiki/Mu%E1%B8%A5emmed_Cafiq
611 http://kab.wikipedia.org/wiki/Lhewwari_%C6%90eddi
612 http://kab.wikipedia.org/wiki/Kuku
613 http://kab.wikipedia.org/wiki/Ta_%C9%A3iwant_n_Tici
614 http://kab.wikipedia.org/wiki/Tamacahutt_n_tsekkurt
615 http://kab.wikipedia.org/wiki/13_me%C9%A3res
616 http://kab.wikipedia.org/wiki/Ta_%C9%A3iwant_n_Time%E1%BA%93rit
617 http://kab.wikipedia.org/wiki/Ta_%C9%A3iwant_n_Tizi_n_Berber
618 http://kab.wikipedia.org/wiki/Ta_%C9%A3iwant_n_Tu%C7%A7a
619 http://kab.wikipedia.org/wiki/Ta_%C9%A3iwant_n_Wed_%C6%94ir
620 http://kab.wikipedia.org/wiki/Ta_%C9%A3iwant_n_Xerra%E1%B9%AD%E1%B9%ADa
621 http://kab.wikipedia.org/wiki/La%E1%B9%9Beb%C9%9Ba_n_At_Yiraten
622 http://kab.wikipedia.org/wiki/Izem
623 http://kab.wikipedia.org/wiki/Idrisen_n_tu%C9%A3ac_n_Sliman_%C6%90azem
624 http://kab.wikipedia.org/wiki/Ilel_n_Marmara
625 http://kab.wikipedia.org/wiki/Kra_imagraden_s_teqbaylit_af_Sliman_%C6%90azem
626 http://kab.wikipedia.org/wiki/Idrisen_n_tu%C9%A3ac_n_Lunis_At_Mengellat
627 http://kab.wikipedia.org/wiki/Tasenselkimt
628 http://kab.wikipedia.org/wiki/Amazi%C9%A3
629 http://kab.wikipedia.org/wiki/Takfarinas
630 http://kab.wikipedia.org/wiki/%C7%A6amal_%C6%90ellam
631 http://kab.wikipedia.org/wiki/Meksa_%C6%90abdelqader
632 http://kab.wikipedia.org/wiki/3_%C9%A3uct
633 http://kab.wikipedia.org/wiki/Azefun
634 http://kab.wikipedia.org/wiki/4_%C9%A3uct
635 http://kab.wikipedia.org/wiki/5_%C9%A3uct
636 http://kab.wikipedia.org/wiki/F%E1%B9%9Bansa
637 http://kab.wikipedia.org/wiki/6_%C9%A3uct
638 http://kab.wikipedia.org/wiki/Am%E1%B8%8Dan
639 http://kab.wikipedia.org/wiki/7_%C9%A3uct
640 http://kab.wikipedia.org/wiki/Tmurt_n_Leqbayel
641 http://kab.wikipedia.org/wiki/Ta_nzeggit
642 http://kab.wikipedia.org/wiki/Lexrif
643 http://kab.wikipedia.org/wiki/8_%C9%A3uct
644 http://kab.wikipedia.org/wiki/Tira
645 http://kab.wikipedia.org/wiki/1_wember
646 http://kab.wikipedia.org/wiki/9_%C9%A3uct
647 http://kab.wikipedia.org/wiki/2_wember
648 http://kab.wikipedia.org/wiki/Aljiber
649 http://kab.wikipedia.org/wiki/10_%C9%A3uct
650 http://kab.wikipedia.org/wiki/Wember
651 http://kab.wikipedia.org/wiki/3_wember
652 http://kab.wikipedia.org/wiki/A_sebrurez
653 http://kab.wikipedia.org/wiki/11_%C9%A3uct
654 http://kab.wikipedia.org/wiki/4_wember
655 http://kab.wikipedia.org/wiki/1_ctember
656 http://kab.wikipedia.org/wiki/12_%C9%A3uct
657 http://kab.wikipedia.org/wiki/5_wember
658 http://kab.wikipedia.org/wiki/11_ctember
659 http://kab.wikipedia.org/wiki/13_%C9%A3uct
660 http://kab.wikipedia.org/wiki/Platon
661 http://kab.wikipedia.org/wiki/6_wember
662 http://kab.wikipedia.org/wiki/14_%C9%A3uct
663 http://kab.wikipedia.org/wiki/I%C9%A3il_n_Igelmimen
664 http://kab.wikipedia.org/wiki/Ben_Mu%E1%B8%A5emmed
665 http://kab.wikipedia.org/wiki/7_wember
666 http://kab.wikipedia.org/wiki/15_%C9%A3uct
667 http://kab.wikipedia.org/wiki/8_wember
668 http://kab.wikipedia.org/wiki/16_%C9%A3uct
669 http://kab.wikipedia.org/wiki/D%C3%A9p%C3%AAche_de_Kabylie
670 http://kab.wikipedia.org/wiki/L%C9%9Berc
671 http://kab.wikipedia.org/wiki/Astehzi
672 http://kab.wikipedia.org/wiki/Si_Mu%E1%B8%A5and_u_M%E1%B8%A5and
673 http://kab.wikipedia.org/wiki/Marikan
674 http://kab.wikipedia.org/wiki/9_wember
675 http://kab.wikipedia.org/wiki/17_%C9%A3uct
676 http://kab.wikipedia.org/wiki/10_wember
677 http://kab.wikipedia.org/wiki/18_%C9%A3uct
678 http://kab.wikipedia.org/wiki/11_wember
679 http://kab.wikipedia.org/wiki/19_%C9%A3uct
680 http://kab.wikipedia.org/wiki/H%C3%A4nsel_und_Gretel
681 http://kab.wikipedia.org/wiki/Assif_n_Sumam
682 http://kab.wikipedia.org/wiki/12_wember
683 http://kab.wikipedia.org/wiki/20_%C9%A3uct
684 http://kab.wikipedia.org/wiki/At_Lqayed
685 http://kab.wikipedia.org/wiki/Snitraw
686 http://kab.wikipedia.org/wiki/Cendrillon
687 http://kab.wikipedia.org/wiki/21_%C9%A3uct
688 http://kab.wikipedia.org/wiki/13_wember
689 http://kab.wikipedia.org/wiki/A%C7%A7e%C7%A7%C7%A7ig
690 http://kab.wikipedia.org/wiki/22_%C9%A3uct
691 http://kab.wikipedia.org/wiki/14_wember
692 http://kab.wikipedia.org/wiki/FLN
693 http://kab.wikipedia.org/wiki/15_wember
694 http://kab.wikipedia.org/wiki/I%CE%B5ezzuzen
695 http://kab.wikipedia.org/wiki/16_wember
696 http://kab.wikipedia.org/wiki/La%E1%B9%9Beb%CE%B5a_n_At_Yiraten
697 http://kab.wikipedia.org/wiki/17_wember
698 http://kab.wikipedia.org/wiki/%CE%A3ebban_%E1%B9%9Aem%E1%B8%8Dan
699 http://kab.wikipedia.org/wiki/18_wember
700 http://kab.wikipedia.org/wiki/19_wember
701 http://kab.wikipedia.org/wiki/20_wember
702 http://kab.wikipedia.org/wiki/21_wember
703 http://kab.wikipedia.org/wiki/22_wember
704 http://kab.wikipedia.org/wiki/23_wember
705 http://kab.wikipedia.org/wiki/24_wember
706 http://kab.wikipedia.org/wiki/Sliman_%CE%A3azem
707 http://kab.wikipedia.org/wiki/25_wember
708 http://kab.wikipedia.org/wiki/26_wember
709 http://kab.wikipedia.org/wiki/Ta_%C9%A3iwant_n_Sem%C9%9Bun
710 http://kab.wikipedia.org/wiki/Ta_%C9%A3iwant_n_Timizart
711 http://kab.wikipedia.org/wiki/Tokyo
712 http://kab.wikipedia.org/wiki/Lili_Bonic
713 http://kab.wikipedia.org/wiki/Lareb%C9%9Ba_n_At_Yiraten
714 http://kab.wikipedia.org/wiki/Tu%E1%B9%9Buft
715 http://kab.wikipedia.org/wiki/Azwil
716 http://kab.wikipedia.org/wiki/Pourquoi_Cette_Pluie%3F
717 http://kab.wikipedia.org/wiki/23_%C9%A3uct
718 http://kab.wikipedia.org/wiki/Leonardo_Fibonacci
719 http://kab.wikipedia.org/wiki/Tizi_Wezzu_(san_Francisco)
720 http://kab.wikipedia.org/wiki/24_%C9%A3uct
721 http://kab.wikipedia.org/wiki/25_%C9%A3uct
722 http://kab.wikipedia.org/wiki/26_%C9%A3uct
723 http://kab.wikipedia.org/wiki/27_%C9%A3uct
724 http://kab.wikipedia.org/wiki/28_%C9%A3uct
725 http://kab.wikipedia.org/wiki/29_%C9%A3uct
726 http://kab.wikipedia.org/wiki/30_%C9%A3uct
727 http://kab.wikipedia.org/wiki/31_%C9%A3uct
728 http://kab.wikipedia.org/wiki/27_wember
729 http://kab.wikipedia.org/wiki/28_wember
730 http://kab.wikipedia.org/wiki/29_wember
731 http://kab.wikipedia.org/wiki/30_wember
732 http://kab.wikipedia.org/wiki/La_D%C3%A9p%C3%AAche_de_Kabylie
733 http://kab.wikipedia.org/wiki/Pakistan
734 http://kab.wikipedia.org/wiki/Agraw_n_Summam
735 http://kab.wikipedia.org/wiki/Pervez_Mucarraf
736 http://kab.wikipedia.org/wiki/Larba_n_at_yiraten
737 http://kab.wikipedia.org/wiki/Ihendiyen
738 http://kab.wikipedia.org/wiki/Dzayer_tamanaght
739 http://kab.wikipedia.org/wiki/Diana
740 http://kab.wikipedia.org/wiki/Alma
741 http://kab.wikipedia.org/wiki/Aman
742 http://kab.wikipedia.org/wiki/Asuf
