18:21:36    DEBUG          engineer.engine.build     Starting build using configuration file C:\Users\Tyler\Code\engineer\engineer\sample_site\debug.yaml.
18:21:36    DEBUG          engineer.engine.build     Copying static files to output cache.
18:21:36    DEBUG    engineer.util.mirror_folder     Mirroring C:\Users\Tyler\Code\engineer\engineer\static ==> C:\Users\Tyler\Code\engineer\engineer\sample_site\_cache\debug.yaml\output_cache\static
18:21:36    DEBUG    engineer.util.mirror_folder     Copying new directory C:\Users\Tyler\Code\engineer\engineer\static\engineer ==> C:\Users\Tyler\Code\engineer\engineer\sample_site\_cache\debug.yaml\output_cache\static\engineer
18:21:36    DEBUG          engineer.engine.build     Copied static files to /static.
18:21:36    DEBUG          engineer.engine.build     Copying theme static files to output cache.
18:21:36    DEBUG    engineer.util.mirror_folder     Mirroring C:\Users\Tyler\Code\engineer\engineer\themes\dark_rainbow\static ==> C:\Users\Tyler\Code\engineer\engineer\sample_site\_cache\debug.yaml\output_cache\static\theme
18:21:36    DEBUG    engineer.util.mirror_folder     Copying new directory C:\Users\Tyler\Code\engineer\engineer\themes\dark_rainbow\static\stylesheets ==> C:\Users\Tyler\Code\engineer\engineer\sample_site\_cache\debug.yaml\output_cache\static\theme\stylesheets
18:21:36    DEBUG    engineer.util.mirror_folder     Copying new directory C:\Users\Tyler\Code\engineer\engineer\themes\dark_rainbow\static\scripts ==> C:\Users\Tyler\Code\engineer\engineer\sample_site\_cache\debug.yaml\output_cache\static\theme\scripts
18:21:37    DEBUG          engineer.engine.build     Copied static files for theme to /static\theme.
18:21:37     INFO          engineer.engine.build     Generating template pages from C:\Users\Tyler\Code\engineer\engineer\sample_site\templates\pages.
18:21:37    DEBUG                  engineer.conf     Configuring the Jinja environment.
18:21:37    DEBUG          engineer.engine.build     Output template page /about\index.html.
18:21:37    DEBUG          engineer.engine.build     Output template page /themes\index.html.
18:21:37     INFO          engineer.engine.build     Generated 2 template pages.
18:21:37     INFO          engineer.engine.build     Loading posts...
18:21:37     INFO               engineer.loaders     Getting posts from C:\Users\Tyler\Code\engineer\engineer\sample_site\posts.
18:21:37     INFO               engineer.loaders     Getting posts from C:\Users\Tyler\Code\engineer\engineer\sample_site\archives.
18:21:37     INFO               engineer.loaders     '(d)2012-03-09-a-draft-post.md': FROM CACHE
18:21:37     INFO               engineer.loaders     '(d)2012-03-18-test-post.md': FROM CACHE
18:21:37     INFO               engineer.loaders     '(p)2012-03-07-markdown-tutorial.md': FROM CACHE
18:21:37     INFO               engineer.loaders     '(p)2012-03-08-theme-style-preview.md': FROM CACHE
18:21:37     INFO               engineer.loaders     '(p)2012-03-09-what-s-next.md': FROM CACHE
18:21:37     INFO               engineer.loaders     '(p)2012-03-10-welcome.md': FROM CACHE
18:21:37     INFO               engineer.loaders     '(p)2011-11-03-post-from-2011.md': FROM CACHE
18:21:37  CONSOLE               engineer.loaders     Found 0 new posts and loaded 7 from the cache.
18:21:37    DEBUG          engineer.engine.build     Output rollup page /page\1\index.html.
18:21:37    DEBUG          engineer.engine.build     Output 'C:\Users\Tyler\Code\engineer\engineer\sample_site\_cache\debug.yaml\output_cache\index.html'.
18:21:37    DEBUG          engineer.engine.build     Output /archives\index.html.
18:21:37    DEBUG          engineer.engine.build     Output /tag\themes\index.html.
18:21:37    DEBUG          engineer.engine.build     Output /tag\markdown\index.html.
18:21:37    DEBUG          engineer.engine.build     Output /tag\features\index.html.
18:21:37    DEBUG          engineer.engine.build     Output /tag\sample\index.html.
18:21:37    DEBUG          engineer.engine.build     Output /tag\primer\index.html.
18:21:37    DEBUG          engineer.engine.build     Output /tag\preview\index.html.
18:21:37    DEBUG          engineer.engine.build     Output /tag\example\index.html.
18:21:37    DEBUG          engineer.engine.build     Output /feeds\rss.xml.
18:21:37    DEBUG          engineer.engine.build     Found pre-compressed file in cache: /static\theme\scripts\highlight.js.
18:21:37    DEBUG          engineer.engine.build     Found pre-compressed file in cache: /static\engineer\lib\foundation\stylesheets\mobile.css.
18:21:37    DEBUG          engineer.engine.build     Found pre-compressed file in cache: /static\engineer\lib\foundation\javascripts\foundation.js.
18:21:37    DEBUG          engineer.engine.build     Found pre-compressed file in cache: /static\engineer\lib\tweet\tweet\jquery.tweet.js.
18:21:37    DEBUG          engineer.engine.build     Found pre-compressed file in cache: /static\engineer\lib\foundation\stylesheets\grid.css.
18:21:37    DEBUG          engineer.engine.build     Synchronizing output directory with output cache.
18:21:37    DEBUG    engineer.util.mirror_folder     Mirroring C:\Users\Tyler\Code\engineer\engineer\sample_site\_cache\debug.yaml\output_cache ==> C:\Users\Tyler\Code\engineer\engineer\sample_site\output
18:21:37    DEBUG    engineer.util.mirror_folder     Mirroring C:\Users\Tyler\Code\engineer\engineer\sample_site\_cache\debug.yaml\output_cache\about ==> C:\Users\Tyler\Code\engineer\engineer\sample_site\output\about
18:21:37    DEBUG    engineer.util.mirror_folder     Mirroring C:\Users\Tyler\Code\engineer\engineer\sample_site\_cache\debug.yaml\output_cache\themes ==> C:\Users\Tyler\Code\engineer\engineer\sample_site\output\themes
18:21:37    DEBUG    engineer.util.mirror_folder     Mirroring C:\Users\Tyler\Code\engineer\engineer\sample_site\_cache\debug.yaml\output_cache\tag ==> C:\Users\Tyler\Code\engineer\engineer\sample_site\output\tag
18:21:37    DEBUG    engineer.util.mirror_folder     Mirroring C:\Users\Tyler\Code\engineer\engineer\sample_site\_cache\debug.yaml\output_cache\tag\themes ==> C:\Users\Tyler\Code\engineer\engineer\sample_site\output\tag\themes
18:21:37    DEBUG    engineer.util.mirror_folder     Mirroring C:\Users\Tyler\Code\engineer\engineer\sample_site\_cache\debug.yaml\output_cache\tag\preview ==> C:\Users\Tyler\Code\engineer\engineer\sample_site\output\tag\preview
18:21:37    DEBUG    engineer.util.mirror_folder     Mirroring C:\Users\Tyler\Code\engineer\engineer\sample_site\_cache\debug.yaml\output_cache\tag\features ==> C:\Users\Tyler\Code\engineer\engineer\sample_site\output\tag\features
18:21:37    DEBUG    engineer.util.mirror_folder     Mirroring C:\Users\Tyler\Code\engineer\engineer\sample_site\_cache\debug.yaml\output_cache\tag\sample ==> C:\Users\Tyler\Code\engineer\engineer\sample_site\output\tag\sample
18:21:37    DEBUG    engineer.util.mirror_folder     Mirroring C:\Users\Tyler\Code\engineer\engineer\sample_site\_cache\debug.yaml\output_cache\tag\markdown ==> C:\Users\Tyler\Code\engineer\engineer\sample_site\output\tag\markdown
18:21:37    DEBUG    engineer.util.mirror_folder     Mirroring C:\Users\Tyler\Code\engineer\engineer\sample_site\_cache\debug.yaml\output_cache\tag\primer ==> C:\Users\Tyler\Code\engineer\engineer\sample_site\output\tag\primer
18:21:37    DEBUG    engineer.util.mirror_folder     Mirroring C:\Users\Tyler\Code\engineer\engineer\sample_site\_cache\debug.yaml\output_cache\tag\example ==> C:\Users\Tyler\Code\engineer\engineer\sample_site\output\tag\example
18:21:37    DEBUG    engineer.util.mirror_folder     Mirroring C:\Users\Tyler\Code\engineer\engineer\sample_site\_cache\debug.yaml\output_cache\static ==> C:\Users\Tyler\Code\engineer\engineer\sample_site\output\static
18:21:37    DEBUG    engineer.util.mirror_folder     Mirroring C:\Users\Tyler\Code\engineer\engineer\sample_site\_cache\debug.yaml\output_cache\static\theme ==> C:\Users\Tyler\Code\engineer\engineer\sample_site\output\static\theme
18:21:37    DEBUG    engineer.util.mirror_folder     Mirroring C:\Users\Tyler\Code\engineer\engineer\sample_site\_cache\debug.yaml\output_cache\static\theme\stylesheets ==> C:\Users\Tyler\Code\engineer\engineer\sample_site\output\static\theme\stylesheets
18:21:37    DEBUG    engineer.util.mirror_folder     Mirroring C:\Users\Tyler\Code\engineer\engineer\sample_site\_cache\debug.yaml\output_cache\static\theme\scripts ==> C:\Users\Tyler\Code\engineer\engineer\sample_site\output\static\theme\scripts
18:21:37    DEBUG    engineer.util.mirror_folder     Mirroring C:\Users\Tyler\Code\engineer\engineer\sample_site\_cache\debug.yaml\output_cache\static\engineer ==> C:\Users\Tyler\Code\engineer\engineer\sample_site\output\static\engineer
18:21:37    DEBUG    engineer.util.mirror_folder     Mirroring C:\Users\Tyler\Code\engineer\engineer\sample_site\_cache\debug.yaml\output_cache\static\engineer\lib ==> C:\Users\Tyler\Code\engineer\engineer\sample_site\output\static\engineer\lib
18:21:37    DEBUG    engineer.util.mirror_folder     Mirroring C:\Users\Tyler\Code\engineer\engineer\sample_site\_cache\debug.yaml\output_cache\static\engineer\lib\foundation ==> C:\Users\Tyler\Code\engineer\engineer\sample_site\output\static\engineer\lib\foundation
18:21:37    DEBUG    engineer.util.mirror_folder     Mirroring C:\Users\Tyler\Code\engineer\engineer\sample_site\_cache\debug.yaml\output_cache\static\engineer\lib\foundation\stylesheets ==> C:\Users\Tyler\Code\engineer\engineer\sample_site\output\static\engineer\lib\foundation\stylesheets
18:21:37    DEBUG    engineer.util.mirror_folder     Mirroring C:\Users\Tyler\Code\engineer\engineer\sample_site\_cache\debug.yaml\output_cache\static\engineer\lib\foundation\images ==> C:\Users\Tyler\Code\engineer\engineer\sample_site\output\static\engineer\lib\foundation\images
18:21:37    DEBUG    engineer.util.mirror_folder     Mirroring C:\Users\Tyler\Code\engineer\engineer\sample_site\_cache\debug.yaml\output_cache\static\engineer\lib\foundation\images\misc ==> C:\Users\Tyler\Code\engineer\engineer\sample_site\output\static\engineer\lib\foundation\images\misc
18:21:37    DEBUG    engineer.util.mirror_folder     Mirroring C:\Users\Tyler\Code\engineer\engineer\sample_site\_cache\debug.yaml\output_cache\static\engineer\lib\foundation\images\orbit ==> C:\Users\Tyler\Code\engineer\engineer\sample_site\output\static\engineer\lib\foundation\images\orbit
18:21:37    DEBUG    engineer.util.mirror_folder     Mirroring C:\Users\Tyler\Code\engineer\engineer\sample_site\_cache\debug.yaml\output_cache\static\engineer\lib\foundation\javascripts ==> C:\Users\Tyler\Code\engineer\engineer\sample_site\output\static\engineer\lib\foundation\javascripts
18:21:37    DEBUG    engineer.util.mirror_folder     Mirroring C:\Users\Tyler\Code\engineer\engineer\sample_site\_cache\debug.yaml\output_cache\static\engineer\lib\tweet ==> C:\Users\Tyler\Code\engineer\engineer\sample_site\output\static\engineer\lib\tweet
18:21:37    DEBUG    engineer.util.mirror_folder     Mirroring C:\Users\Tyler\Code\engineer\engineer\sample_site\_cache\debug.yaml\output_cache\static\engineer\lib\tweet\tweet ==> C:\Users\Tyler\Code\engineer\engineer\sample_site\output\static\engineer\lib\tweet\tweet
18:21:37    DEBUG    engineer.util.mirror_folder     Mirroring C:\Users\Tyler\Code\engineer\engineer\sample_site\_cache\debug.yaml\output_cache\archives ==> C:\Users\Tyler\Code\engineer\engineer\sample_site\output\archives
18:21:37    DEBUG    engineer.util.mirror_folder     Mirroring C:\Users\Tyler\Code\engineer\engineer\sample_site\_cache\debug.yaml\output_cache\feeds ==> C:\Users\Tyler\Code\engineer\engineer\sample_site\output\feeds
18:21:37    DEBUG    engineer.util.mirror_folder     Mirroring C:\Users\Tyler\Code\engineer\engineer\sample_site\_cache\debug.yaml\output_cache\2011 ==> C:\Users\Tyler\Code\engineer\engineer\sample_site\output\2011
18:21:37    DEBUG    engineer.util.mirror_folder     Mirroring C:\Users\Tyler\Code\engineer\engineer\sample_site\_cache\debug.yaml\output_cache\2011\11 ==> C:\Users\Tyler\Code\engineer\engineer\sample_site\output\2011\11
18:21:37    DEBUG    engineer.util.mirror_folder     Mirroring C:\Users\Tyler\Code\engineer\engineer\sample_site\_cache\debug.yaml\output_cache\2011\11\03 ==> C:\Users\Tyler\Code\engineer\engineer\sample_site\output\2011\11\03
18:21:37    DEBUG    engineer.util.mirror_folder     Mirroring C:\Users\Tyler\Code\engineer\engineer\sample_site\_cache\debug.yaml\output_cache\2011\11\03\post-from-2011 ==> C:\Users\Tyler\Code\engineer\engineer\sample_site\output\2011\11\03\post-from-2011
18:21:37    DEBUG    engineer.util.mirror_folder     Mirroring C:\Users\Tyler\Code\engineer\engineer\sample_site\_cache\debug.yaml\output_cache\page ==> C:\Users\Tyler\Code\engineer\engineer\sample_site\output\page
18:21:37    DEBUG    engineer.util.mirror_folder     Mirroring C:\Users\Tyler\Code\engineer\engineer\sample_site\_cache\debug.yaml\output_cache\page\1 ==> C:\Users\Tyler\Code\engineer\engineer\sample_site\output\page\1
18:21:37    DEBUG    engineer.util.mirror_folder     Mirroring C:\Users\Tyler\Code\engineer\engineer\sample_site\_cache\debug.yaml\output_cache\2012 ==> C:\Users\Tyler\Code\engineer\engineer\sample_site\output\2012
18:21:37    DEBUG    engineer.util.mirror_folder     Mirroring C:\Users\Tyler\Code\engineer\engineer\sample_site\_cache\debug.yaml\output_cache\2012\03 ==> C:\Users\Tyler\Code\engineer\engineer\sample_site\output\2012\03
18:21:37    DEBUG    engineer.util.mirror_folder     Mirroring C:\Users\Tyler\Code\engineer\engineer\sample_site\_cache\debug.yaml\output_cache\2012\03\10 ==> C:\Users\Tyler\Code\engineer\engineer\sample_site\output\2012\03\10
18:21:37    DEBUG    engineer.util.mirror_folder     Mirroring C:\Users\Tyler\Code\engineer\engineer\sample_site\_cache\debug.yaml\output_cache\2012\03\10\welcome ==> C:\Users\Tyler\Code\engineer\engineer\sample_site\output\2012\03\10\welcome
18:21:37    DEBUG    engineer.util.mirror_folder     Mirroring C:\Users\Tyler\Code\engineer\engineer\sample_site\_cache\debug.yaml\output_cache\2012\03\08 ==> C:\Users\Tyler\Code\engineer\engineer\sample_site\output\2012\03\08
18:21:37    DEBUG    engineer.util.mirror_folder     Mirroring C:\Users\Tyler\Code\engineer\engineer\sample_site\_cache\debug.yaml\output_cache\2012\03\08\theme-style-preview ==> C:\Users\Tyler\Code\engineer\engineer\sample_site\output\2012\03\08\theme-style-preview
18:21:37    DEBUG    engineer.util.mirror_folder     Mirroring C:\Users\Tyler\Code\engineer\engineer\sample_site\_cache\debug.yaml\output_cache\2012\03\09 ==> C:\Users\Tyler\Code\engineer\engineer\sample_site\output\2012\03\09
18:21:37    DEBUG    engineer.util.mirror_folder     Mirroring C:\Users\Tyler\Code\engineer\engineer\sample_site\_cache\debug.yaml\output_cache\2012\03\09\what-s-next ==> C:\Users\Tyler\Code\engineer\engineer\sample_site\output\2012\03\09\what-s-next
18:21:37    DEBUG    engineer.util.mirror_folder     Mirroring C:\Users\Tyler\Code\engineer\engineer\sample_site\_cache\debug.yaml\output_cache\2012\03\07 ==> C:\Users\Tyler\Code\engineer\engineer\sample_site\output\2012\03\07
18:21:37    DEBUG    engineer.util.mirror_folder     Mirroring C:\Users\Tyler\Code\engineer\engineer\sample_site\_cache\debug.yaml\output_cache\2012\03\07\markdown-tutorial ==> C:\Users\Tyler\Code\engineer\engineer\sample_site\output\2012\03\07\markdown-tutorial
18:21:37    DEBUG          engineer.engine.build     Folder mirroring report: {'deleted': set(), 'new': set(), 'overwritten': set()}
18:21:37  CONSOLE          engineer.engine.build     
18:21:37  CONSOLE          engineer.engine.build     Site: 'Engineer Site' output to C:\Users\Tyler\Code\engineer\engineer\sample_site\output.
18:21:37  CONSOLE          engineer.engine.build     Posts: 5 (0 new or updated)
18:21:37  CONSOLE          engineer.engine.build     Post rollup pages: 1 (5 posts per page)
18:21:37  CONSOLE          engineer.engine.build     Template pages: 2
18:21:37  CONSOLE          engineer.engine.build     Tag pages: 7
18:21:37  CONSOLE          engineer.engine.build     0 new items, 0 modified items, and 0 deleted items.
18:21:37  CONSOLE          engineer.engine.build     
18:21:37  CONSOLE          engineer.engine.build     Full build log at C:\Users\Tyler\Code\engineer\engineer\sample_site\logs\build.log.
