2011-11-21 20:17:33,253 INFO RedmineConnector BundleEvent STARTED
2011-11-21 20:17:33,258 INFO RedmineConnector BundleEvent STARTED
2011-11-21 20:17:33,258 INFO RedmineConnector BundleEvent STARTED
2011-11-21 20:20:31,382 INFO RedmineConnector BundleEvent STOPPED
2011-11-21 20:20:32,317 INFO RedmineConnector BundleEvent STOPPED
2011-11-21 20:20:32,317 INFO RedmineConnector BundleEvent STOPPED
2011-11-21 20:20:32,317 INFO RedmineConnector BundleEvent STOPPED
2011-11-21 20:21:33,829 INFO RedmineConnector BundleEvent STARTED
2011-11-21 20:21:33,833 INFO RedmineConnector BundleEvent STARTED
2011-11-21 20:21:33,844 INFO RedmineConnector BundleEvent STARTED
2011-11-21 20:23:33,222 INFO o.m.log Logging to Logger[org.mortbay.log] via org.mortbay.log.Slf4jLog
2011-11-21 20:29:32,175 DEBUG n.s.r.i.a.c.AbstractClient Execute HTTP GET-Method /mylyn/version
2011-11-21 20:29:33,497 DEBUG n.s.r.i.a.p.JaxbParser NOT AUTHENTICATED
2011-11-21 20:29:38,900 DEBUG n.s.r.i.a.c.AbstractClient Execute HTTP GET-Method /mylyn/customfields
2011-11-21 20:29:39,216 DEBUG n.s.r.i.a.p.JaxbParser NOT AUTHENTICATED
2011-11-21 20:29:39,261 DEBUG n.s.r.i.a.c.AbstractClient Execute HTTP GET-Method /mylyn/trackers
2011-11-21 20:29:39,399 DEBUG n.s.r.i.a.p.JaxbParser NOT AUTHENTICATED
2011-11-21 20:29:39,438 DEBUG n.s.r.i.a.c.AbstractClient Execute HTTP GET-Method /mylyn/queries
2011-11-21 20:29:39,558 DEBUG n.s.r.i.a.p.JaxbParser NOT AUTHENTICATED
2011-11-21 20:29:39,599 DEBUG n.s.r.i.a.c.AbstractClient Execute HTTP GET-Method /mylyn/projects
2011-11-21 20:29:40,997 DEBUG n.s.r.i.a.p.JaxbParser NOT AUTHENTICATED
2011-11-21 20:29:41,173 DEBUG n.s.r.i.a.c.AbstractClient Execute HTTP GET-Method /mylyn/users
2011-11-21 20:29:41,339 DEBUG n.s.r.i.a.p.JaxbParser NOT AUTHENTICATED
2011-11-21 20:29:41,439 DEBUG n.s.r.i.a.c.AbstractClient Execute HTTP GET-Method /mylyn/issuepriorities
2011-11-21 20:29:41,523 DEBUG n.s.r.i.a.p.JaxbParser NOT AUTHENTICATED
2011-11-21 20:29:41,562 DEBUG n.s.r.i.a.c.AbstractClient Execute HTTP GET-Method /mylyn/issuecategories
2011-11-21 20:29:41,695 DEBUG n.s.r.i.a.p.JaxbParser NOT AUTHENTICATED
2011-11-21 20:29:41,734 DEBUG n.s.r.i.a.c.AbstractClient Execute HTTP GET-Method /mylyn/issuestatus
2011-11-21 20:29:41,930 DEBUG n.s.r.i.a.p.JaxbParser NOT AUTHENTICATED
2011-11-21 20:29:41,971 DEBUG n.s.r.i.a.c.AbstractClient Execute HTTP GET-Method /mylyn/versions
2011-11-21 20:29:42,066 DEBUG n.s.r.i.a.p.JaxbParser NOT AUTHENTICATED
2011-11-21 20:29:42,105 DEBUG n.s.r.i.a.c.AbstractClient Execute HTTP GET-Method /mylyn/settings
2011-11-21 20:29:42,192 DEBUG n.s.r.i.a.p.JaxbParser NOT AUTHENTICATED
2011-11-21 20:29:49,652 DEBUG n.s.r.i.a.c.AbstractClient Execute HTTP GET-Method /mylyn/customfields
2011-11-21 20:29:49,755 DEBUG n.s.r.i.a.p.JaxbParser NOT AUTHENTICATED
2011-11-21 20:29:49,795 DEBUG n.s.r.i.a.c.AbstractClient Execute HTTP GET-Method /mylyn/trackers
2011-11-21 20:29:49,860 DEBUG n.s.r.i.a.p.JaxbParser NOT AUTHENTICATED
2011-11-21 20:29:49,908 DEBUG n.s.r.i.a.c.AbstractClient Execute HTTP GET-Method /mylyn/queries
2011-11-21 20:29:49,989 DEBUG n.s.r.i.a.p.JaxbParser NOT AUTHENTICATED
2011-11-21 20:29:50,028 DEBUG n.s.r.i.a.c.AbstractClient Execute HTTP GET-Method /mylyn/projects
2011-11-21 20:29:51,380 DEBUG n.s.r.i.a.p.JaxbParser NOT AUTHENTICATED
2011-11-21 20:29:51,460 DEBUG n.s.r.i.a.c.AbstractClient Execute HTTP GET-Method /mylyn/users
2011-11-21 20:29:51,621 DEBUG n.s.r.i.a.p.JaxbParser NOT AUTHENTICATED
2011-11-21 20:29:51,700 DEBUG n.s.r.i.a.c.AbstractClient Execute HTTP GET-Method /mylyn/issuepriorities
2011-11-21 20:29:51,756 DEBUG n.s.r.i.a.p.JaxbParser NOT AUTHENTICATED
2011-11-21 20:29:51,810 DEBUG n.s.r.i.a.c.AbstractClient Execute HTTP GET-Method /mylyn/issuecategories
2011-11-21 20:29:51,881 DEBUG n.s.r.i.a.p.JaxbParser NOT AUTHENTICATED
2011-11-21 20:29:51,937 DEBUG n.s.r.i.a.c.AbstractClient Execute HTTP GET-Method /mylyn/issuestatus
2011-11-21 20:29:51,994 DEBUG n.s.r.i.a.p.JaxbParser NOT AUTHENTICATED
2011-11-21 20:29:52,036 DEBUG n.s.r.i.a.c.AbstractClient Execute HTTP GET-Method /mylyn/versions
2011-11-21 20:29:52,128 DEBUG n.s.r.i.a.p.JaxbParser NOT AUTHENTICATED
2011-11-21 20:29:52,172 DEBUG n.s.r.i.a.c.AbstractClient Execute HTTP GET-Method /mylyn/settings
2011-11-21 20:29:52,224 DEBUG n.s.r.i.a.p.JaxbParser NOT AUTHENTICATED
2011-11-21 20:30:14,688 DEBUG n.s.r.i.a.c.AbstractClient Execute HTTP GET-Method /mylyn/customfields
2011-11-21 20:30:14,997 DEBUG n.s.r.i.a.p.JaxbParser NOT AUTHENTICATED
2011-11-21 20:30:15,042 DEBUG n.s.r.i.a.c.AbstractClient Execute HTTP GET-Method /mylyn/trackers
2011-11-21 20:30:15,122 DEBUG n.s.r.i.a.p.JaxbParser NOT AUTHENTICATED
2011-11-21 20:30:15,163 DEBUG n.s.r.i.a.c.AbstractClient Execute HTTP GET-Method /mylyn/queries
2011-11-21 20:30:15,249 DEBUG n.s.r.i.a.p.JaxbParser NOT AUTHENTICATED
2011-11-21 20:30:15,285 DEBUG n.s.r.i.a.c.AbstractClient Execute HTTP GET-Method /mylyn/projects
2011-11-21 20:30:16,492 DEBUG n.s.r.i.a.p.JaxbParser NOT AUTHENTICATED
2011-11-21 20:30:16,573 DEBUG n.s.r.i.a.c.AbstractClient Execute HTTP GET-Method /mylyn/users
2011-11-21 20:30:16,837 DEBUG n.s.r.i.a.p.JaxbParser NOT AUTHENTICATED
2011-11-21 20:30:16,901 DEBUG n.s.r.i.a.c.AbstractClient Execute HTTP GET-Method /mylyn/issuepriorities
2011-11-21 20:30:16,958 DEBUG n.s.r.i.a.p.JaxbParser NOT AUTHENTICATED
2011-11-21 20:30:17,011 DEBUG n.s.r.i.a.c.AbstractClient Execute HTTP GET-Method /mylyn/issuecategories
2011-11-21 20:30:17,150 DEBUG n.s.r.i.a.p.JaxbParser NOT AUTHENTICATED
2011-11-21 20:30:17,203 DEBUG n.s.r.i.a.c.AbstractClient Execute HTTP GET-Method /mylyn/issuestatus
2011-11-21 20:30:17,289 DEBUG n.s.r.i.a.p.JaxbParser NOT AUTHENTICATED
2011-11-21 20:30:17,329 DEBUG n.s.r.i.a.c.AbstractClient Execute HTTP GET-Method /mylyn/versions
2011-11-21 20:30:17,399 DEBUG n.s.r.i.a.p.JaxbParser NOT AUTHENTICATED
2011-11-21 20:30:17,439 DEBUG n.s.r.i.a.c.AbstractClient Execute HTTP GET-Method /mylyn/settings
2011-11-21 20:30:17,569 DEBUG n.s.r.i.a.p.JaxbParser NOT AUTHENTICATED
2011-11-21 20:30:49,194 DEBUG n.s.r.i.a.c.AbstractClient Execute HTTP GET-Method /mylyn/issues project_id=85&fields[]=status_id&operators[status_id]=*&values[status_id][]=
2011-11-21 20:30:49,639 DEBUG n.s.r.i.a.p.JaxbParser NOT AUTHENTICATED
2011-11-21 20:30:49,826 DEBUG n.s.r.i.a.c.AbstractClient Execute HTTP GET-Method /mylyn/issues/list issues=734,598,663,602
2011-11-21 20:30:50,198 DEBUG n.s.r.i.a.p.JaxbParser NOT AUTHENTICATED
2011-11-21 20:31:02,038 DEBUG n.s.r.i.a.c.AbstractClient Execute HTTP GET-Method /mylyn/issues/list issues=734,598,663,602
2011-11-21 20:31:02,382 DEBUG n.s.r.i.a.p.JaxbParser NOT AUTHENTICATED
2011-11-21 20:31:30,157 DEBUG n.s.r.i.a.c.AbstractClient Execute HTTP GET-Method /mylyn/customfields
2011-11-21 20:31:30,494 DEBUG n.s.r.i.a.p.JaxbParser NOT AUTHENTICATED
2011-11-21 20:31:30,542 DEBUG n.s.r.i.a.c.AbstractClient Execute HTTP GET-Method /mylyn/trackers
2011-11-21 20:31:30,620 DEBUG n.s.r.i.a.p.JaxbParser NOT AUTHENTICATED
2011-11-21 20:31:30,667 DEBUG n.s.r.i.a.c.AbstractClient Execute HTTP GET-Method /mylyn/queries
2011-11-21 20:31:30,754 DEBUG n.s.r.i.a.p.JaxbParser NOT AUTHENTICATED
2011-11-21 20:31:30,794 DEBUG n.s.r.i.a.c.AbstractClient Execute HTTP GET-Method /mylyn/projects
2011-11-21 20:31:31,995 DEBUG n.s.r.i.a.p.JaxbParser NOT AUTHENTICATED
2011-11-21 20:31:32,086 DEBUG n.s.r.i.a.c.AbstractClient Execute HTTP GET-Method /mylyn/users
2011-11-21 20:31:32,376 DEBUG n.s.r.i.a.p.JaxbParser NOT AUTHENTICATED
2011-11-21 20:31:32,423 DEBUG n.s.r.i.a.c.AbstractClient Execute HTTP GET-Method /mylyn/issuepriorities
2011-11-21 20:31:32,516 DEBUG n.s.r.i.a.p.JaxbParser NOT AUTHENTICATED
2011-11-21 20:31:32,560 DEBUG n.s.r.i.a.c.AbstractClient Execute HTTP GET-Method /mylyn/issuecategories
2011-11-21 20:31:32,650 DEBUG n.s.r.i.a.p.JaxbParser NOT AUTHENTICATED
2011-11-21 20:31:32,697 DEBUG n.s.r.i.a.c.AbstractClient Execute HTTP GET-Method /mylyn/issuestatus
2011-11-21 20:31:32,786 DEBUG n.s.r.i.a.p.JaxbParser NOT AUTHENTICATED
2011-11-21 20:31:32,826 DEBUG n.s.r.i.a.c.AbstractClient Execute HTTP GET-Method /mylyn/versions
2011-11-21 20:31:32,905 DEBUG n.s.r.i.a.p.JaxbParser NOT AUTHENTICATED
2011-11-21 20:31:32,950 DEBUG n.s.r.i.a.c.AbstractClient Execute HTTP GET-Method /mylyn/settings
2011-11-21 20:31:33,017 DEBUG n.s.r.i.a.p.JaxbParser NOT AUTHENTICATED
2011-11-21 20:31:36,202 DEBUG n.s.r.i.a.c.AbstractClient Execute HTTP GET-Method /mylyn/customfields
2011-11-21 20:31:36,273 DEBUG n.s.r.i.a.p.JaxbParser NOT AUTHENTICATED
2011-11-21 20:31:36,315 DEBUG n.s.r.i.a.c.AbstractClient Execute HTTP GET-Method /mylyn/trackers
2011-11-21 20:31:36,382 DEBUG n.s.r.i.a.p.JaxbParser NOT AUTHENTICATED
2011-11-21 20:31:36,421 DEBUG n.s.r.i.a.c.AbstractClient Execute HTTP GET-Method /mylyn/queries
2011-11-21 20:31:36,507 DEBUG n.s.r.i.a.p.JaxbParser NOT AUTHENTICATED
2011-11-21 20:31:36,548 DEBUG n.s.r.i.a.c.AbstractClient Execute HTTP GET-Method /mylyn/projects
2011-11-21 20:31:37,774 DEBUG n.s.r.i.a.p.JaxbParser NOT AUTHENTICATED
2011-11-21 20:31:37,858 DEBUG n.s.r.i.a.c.AbstractClient Execute HTTP GET-Method /mylyn/users
2011-11-21 20:31:38,050 DEBUG n.s.r.i.a.p.JaxbParser NOT AUTHENTICATED
2011-11-21 20:31:38,147 DEBUG n.s.r.i.a.c.AbstractClient Execute HTTP GET-Method /mylyn/issuepriorities
2011-11-21 20:31:38,218 DEBUG n.s.r.i.a.p.JaxbParser NOT AUTHENTICATED
2011-11-21 20:31:38,256 DEBUG n.s.r.i.a.c.AbstractClient Execute HTTP GET-Method /mylyn/issuecategories
2011-11-21 20:31:38,333 DEBUG n.s.r.i.a.p.JaxbParser NOT AUTHENTICATED
2011-11-21 20:31:38,389 DEBUG n.s.r.i.a.c.AbstractClient Execute HTTP GET-Method /mylyn/issuestatus
2011-11-21 20:31:38,456 DEBUG n.s.r.i.a.p.JaxbParser NOT AUTHENTICATED
2011-11-21 20:31:38,495 DEBUG n.s.r.i.a.c.AbstractClient Execute HTTP GET-Method /mylyn/versions
2011-11-21 20:31:38,685 DEBUG n.s.r.i.a.p.JaxbParser NOT AUTHENTICATED
2011-11-21 20:31:38,724 DEBUG n.s.r.i.a.c.AbstractClient Execute HTTP GET-Method /mylyn/settings
2011-11-21 20:31:38,781 DEBUG n.s.r.i.a.p.JaxbParser NOT AUTHENTICATED
2011-11-21 20:31:43,427 DEBUG n.s.r.i.a.c.AbstractClient Execute HTTP GET-Method /mylyn/customfields
2011-11-21 20:31:43,483 DEBUG n.s.r.i.a.p.JaxbParser NOT AUTHENTICATED
2011-11-21 20:31:43,523 DEBUG n.s.r.i.a.c.AbstractClient Execute HTTP GET-Method /mylyn/trackers
2011-11-21 20:31:43,599 DEBUG n.s.r.i.a.p.JaxbParser NOT AUTHENTICATED
2011-11-21 20:31:43,644 DEBUG n.s.r.i.a.c.AbstractClient Execute HTTP GET-Method /mylyn/queries
2011-11-21 20:31:43,713 DEBUG n.s.r.i.a.p.JaxbParser NOT AUTHENTICATED
2011-11-21 20:31:43,754 DEBUG n.s.r.i.a.c.AbstractClient Execute HTTP GET-Method /mylyn/projects
2011-11-21 20:31:44,938 DEBUG n.s.r.i.a.p.JaxbParser NOT AUTHENTICATED
2011-11-21 20:31:45,037 DEBUG n.s.r.i.a.c.AbstractClient Execute HTTP GET-Method /mylyn/users
2011-11-21 20:31:45,312 DEBUG n.s.r.i.a.p.JaxbParser NOT AUTHENTICATED
2011-11-21 20:31:45,424 DEBUG n.s.r.i.a.c.AbstractClient Execute HTTP GET-Method /mylyn/issuepriorities
2011-11-21 20:31:45,545 DEBUG n.s.r.i.a.p.JaxbParser NOT AUTHENTICATED
2011-11-21 20:31:45,597 DEBUG n.s.r.i.a.c.AbstractClient Execute HTTP GET-Method /mylyn/issuecategories
2011-11-21 20:31:45,689 DEBUG n.s.r.i.a.p.JaxbParser NOT AUTHENTICATED
2011-11-21 20:31:45,732 DEBUG n.s.r.i.a.c.AbstractClient Execute HTTP GET-Method /mylyn/issuestatus
2011-11-21 20:31:45,810 DEBUG n.s.r.i.a.p.JaxbParser NOT AUTHENTICATED
2011-11-21 20:31:45,851 DEBUG n.s.r.i.a.c.AbstractClient Execute HTTP GET-Method /mylyn/versions
2011-11-21 20:31:45,920 DEBUG n.s.r.i.a.p.JaxbParser NOT AUTHENTICATED
2011-11-21 20:31:45,966 DEBUG n.s.r.i.a.c.AbstractClient Execute HTTP GET-Method /mylyn/settings
2011-11-21 20:31:46,024 DEBUG n.s.r.i.a.p.JaxbParser NOT AUTHENTICATED
2011-11-21 20:32:18,506 DEBUG n.s.r.i.a.c.AbstractClient Execute HTTP GET-Method /mylyn/customfields
2011-11-21 20:32:19,066 DEBUG n.s.r.i.a.p.JaxbParser NOT AUTHENTICATED
2011-11-21 20:32:19,108 DEBUG n.s.r.i.a.c.AbstractClient Execute HTTP GET-Method /mylyn/trackers
2011-11-21 20:32:19,273 DEBUG n.s.r.i.a.p.JaxbParser NOT AUTHENTICATED
2011-11-21 20:32:19,322 DEBUG n.s.r.i.a.c.AbstractClient Execute HTTP GET-Method /mylyn/queries
2011-11-21 20:32:19,477 DEBUG n.s.r.i.a.p.JaxbParser NOT AUTHENTICATED
2011-11-21 20:32:19,518 DEBUG n.s.r.i.a.c.AbstractClient Execute HTTP GET-Method /mylyn/projects
2011-11-21 20:32:20,742 DEBUG n.s.r.i.a.p.JaxbParser NOT AUTHENTICATED
2011-11-21 20:32:20,829 DEBUG n.s.r.i.a.c.AbstractClient Execute HTTP GET-Method /mylyn/users
2011-11-21 20:32:21,115 DEBUG n.s.r.i.a.p.JaxbParser NOT AUTHENTICATED
2011-11-21 20:32:21,198 DEBUG n.s.r.i.a.c.AbstractClient Execute HTTP GET-Method /mylyn/issuepriorities
2011-11-21 20:32:21,321 DEBUG n.s.r.i.a.p.JaxbParser NOT AUTHENTICATED
2011-11-21 20:32:21,367 DEBUG n.s.r.i.a.c.AbstractClient Execute HTTP GET-Method /mylyn/issuecategories
2011-11-21 20:32:21,533 DEBUG n.s.r.i.a.p.JaxbParser NOT AUTHENTICATED
2011-11-21 20:32:21,572 DEBUG n.s.r.i.a.c.AbstractClient Execute HTTP GET-Method /mylyn/issuestatus
2011-11-21 20:32:21,726 DEBUG n.s.r.i.a.p.JaxbParser NOT AUTHENTICATED
2011-11-21 20:32:21,763 DEBUG n.s.r.i.a.c.AbstractClient Execute HTTP GET-Method /mylyn/versions
2011-11-21 20:32:21,830 DEBUG n.s.r.i.a.p.JaxbParser NOT AUTHENTICATED
2011-11-21 20:32:21,875 DEBUG n.s.r.i.a.c.AbstractClient Execute HTTP GET-Method /mylyn/settings
2011-11-21 20:32:21,993 DEBUG n.s.r.i.a.p.JaxbParser NOT AUTHENTICATED
2011-11-21 20:32:36,304 DEBUG n.s.r.i.a.c.AbstractClient Execute HTTP GET-Method /mylyn/issues project_id=85&fields[]=status_id&operators[status_id]=o&values[status_id][]=&fields[]=assigned_to_id&operators[assigned_to_id]==&values[assigned_to_id][]=74&fields[]=author_id&operators[author_id]==&values[author_id][]=74
2011-11-21 20:32:36,562 DEBUG n.s.r.i.a.p.JaxbParser NOT AUTHENTICATED
2011-11-21 20:33:56,394 DEBUG n.s.r.i.a.c.AbstractClient Execute HTTP GET-Method /mylyn/customfields
2011-11-21 20:33:56,732 DEBUG n.s.r.i.a.p.JaxbParser NOT AUTHENTICATED
2011-11-21 20:33:56,774 DEBUG n.s.r.i.a.c.AbstractClient Execute HTTP GET-Method /mylyn/trackers
2011-11-21 20:33:56,870 DEBUG n.s.r.i.a.p.JaxbParser NOT AUTHENTICATED
2011-11-21 20:33:56,913 DEBUG n.s.r.i.a.c.AbstractClient Execute HTTP GET-Method /mylyn/queries
2011-11-21 20:33:57,015 DEBUG n.s.r.i.a.p.JaxbParser NOT AUTHENTICATED
2011-11-21 20:33:57,058 DEBUG n.s.r.i.a.c.AbstractClient Execute HTTP GET-Method /mylyn/projects
2011-11-21 20:33:58,200 DEBUG n.s.r.i.a.p.JaxbParser NOT AUTHENTICATED
2011-11-21 20:33:58,289 DEBUG n.s.r.i.a.c.AbstractClient Execute HTTP GET-Method /mylyn/users
2011-11-21 20:33:58,445 DEBUG n.s.r.i.a.p.JaxbParser NOT AUTHENTICATED
2011-11-21 20:33:58,523 DEBUG n.s.r.i.a.c.AbstractClient Execute HTTP GET-Method /mylyn/issuepriorities
2011-11-21 20:33:58,612 DEBUG n.s.r.i.a.p.JaxbParser NOT AUTHENTICATED
2011-11-21 20:33:58,652 DEBUG n.s.r.i.a.c.AbstractClient Execute HTTP GET-Method /mylyn/issuecategories
2011-11-21 20:33:58,740 DEBUG n.s.r.i.a.p.JaxbParser NOT AUTHENTICATED
2011-11-21 20:33:58,788 DEBUG n.s.r.i.a.c.AbstractClient Execute HTTP GET-Method /mylyn/issuestatus
2011-11-21 20:33:58,895 DEBUG n.s.r.i.a.p.JaxbParser NOT AUTHENTICATED
2011-11-21 20:33:58,940 DEBUG n.s.r.i.a.c.AbstractClient Execute HTTP GET-Method /mylyn/versions
2011-11-21 20:33:59,109 DEBUG n.s.r.i.a.p.JaxbParser NOT AUTHENTICATED
2011-11-21 20:33:59,144 DEBUG n.s.r.i.a.c.AbstractClient Execute HTTP GET-Method /mylyn/settings
2011-11-21 20:33:59,253 DEBUG n.s.r.i.a.p.JaxbParser NOT AUTHENTICATED
2011-11-21 20:34:24,754 INFO RedmineConnector BundleEvent STOPPED
2011-11-21 20:34:25,578 INFO RedmineConnector BundleEvent STOPPED
2011-11-21 20:34:25,645 INFO RedmineConnector BundleEvent STOPPED
2011-11-21 20:34:25,645 INFO RedmineConnector BundleEvent STOPPED
